[0.649s] Invoking command in '/home/vishnucharan/ROS/amthack/ros2_node_hack/ros2_ws_backup/src/contamination_demo': DEBUGINFOD_URLS=https://debuginfod.ubuntu.com PYTHONPATH=/home/vishnucharan/ROS/amthack/ros2_node_hack/ros2_ws_backup/build/contamination_demo/prefix_override:/usr/lib/python3/dist-packages/colcon_core/task/python/colcon_distutils_commands:/home/vishnucharan/ROS/amthack/ros2_node_hack/ros2_ws_backup/install/contamination_demo/lib/python3.12/site-packages:${PYTHONPATH} /usr/bin/python3 -W ignore:setup.py install is deprecated -W ignore:easy_install command is deprecated setup.py egg_info --egg-base ../../build/contamination_demo build --build-base /home/vishnucharan/ROS/amthack/ros2_node_hack/ros2_ws_backup/build/contamination_demo/build install --record /home/vishnucharan/ROS/amthack/ros2_node_hack/ros2_ws_backup/build/contamination_demo/install.log --single-version-externally-managed install_data
[0.858s] running egg_info
[0.873s] writing ../../build/contamination_demo/contamination_demo.egg-info/PKG-INFO
[0.874s] writing dependency_links to ../../build/contamination_demo/contamination_demo.egg-info/dependency_links.txt
[0.874s] writing entry points to ../../build/contamination_demo/contamination_demo.egg-info/entry_points.txt
[0.874s] writing requirements to ../../build/contamination_demo/contamination_demo.egg-info/requires.txt
[0.874s] writing top-level names to ../../build/contamination_demo/contamination_demo.egg-info/top_level.txt
[0.906s] reading manifest file '../../build/contamination_demo/contamination_demo.egg-info/SOURCES.txt'
[0.907s] writing manifest file '../../build/contamination_demo/contamination_demo.egg-info/SOURCES.txt'
[0.907s] running build
[0.907s] running build_py
[0.907s] copying contamination_demo/contamination_monitor_node.py -> /home/vishnucharan/ROS/amthack/ros2_node_hack/ros2_ws_backup/build/contamination_demo/build/lib/contamination_demo
[0.907s] running install
[0.912s] running install_lib
[0.928s] copying /home/vishnucharan/ROS/amthack/ros2_node_hack/ros2_ws_backup/build/contamination_demo/build/lib/contamination_demo/contamination_monitor_node.py -> /home/vishnucharan/ROS/amthack/ros2_node_hack/ros2_ws_backup/install/contamination_demo/lib/python3.12/site-packages/contamination_demo
[0.929s] byte-compiling /home/vishnucharan/ROS/amthack/ros2_node_hack/ros2_ws_backup/install/contamination_demo/lib/python3.12/site-packages/contamination_demo/contamination_monitor_node.py to contamination_monitor_node.cpython-312.pyc
[0.931s] running install_data
[0.931s] running install_egg_info
[0.948s] removing '/home/vishnucharan/ROS/amthack/ros2_node_hack/ros2_ws_backup/install/contamination_demo/lib/python3.12/site-packages/contamination_demo-0.0.0-py3.12.egg-info' (and everything under it)
[0.948s] Copying ../../build/contamination_demo/contamination_demo.egg-info to /home/vishnucharan/ROS/amthack/ros2_node_hack/ros2_ws_backup/install/contamination_demo/lib/python3.12/site-packages/contamination_demo-0.0.0-py3.12.egg-info
[0.949s] running install_scripts
[1.056s] Installing another_node script to /home/vishnucharan/ROS/amthack/ros2_node_hack/ros2_ws_backup/install/contamination_demo/lib/contamination_demo
[1.057s] Installing contamination_monitor_node script to /home/vishnucharan/ROS/amthack/ros2_node_hack/ros2_ws_backup/install/contamination_demo/lib/contamination_demo
[1.057s] writing list of installed files to '/home/vishnucharan/ROS/amthack/ros2_node_hack/ros2_ws_backup/build/contamination_demo/install.log'
[1.080s] Invoked command in '/home/vishnucharan/ROS/amthack/ros2_node_hack/ros2_ws_backup/src/contamination_demo' returned '0': DEBUGINFOD_URLS=https://debuginfod.ubuntu.com PYTHONPATH=/home/vishnucharan/ROS/amthack/ros2_node_hack/ros2_ws_backup/build/contamination_demo/prefix_override:/usr/lib/python3/dist-packages/colcon_core/task/python/colcon_distutils_commands:/home/vishnucharan/ROS/amthack/ros2_node_hack/ros2_ws_backup/install/contamination_demo/lib/python3.12/site-packages:${PYTHONPATH} /usr/bin/python3 -W ignore:setup.py install is deprecated -W ignore:easy_install command is deprecated setup.py egg_info --egg-base ../../build/contamination_demo build --build-base /home/vishnucharan/ROS/amthack/ros2_node_hack/ros2_ws_backup/build/contamination_demo/build install --record /home/vishnucharan/ROS/amthack/ros2_node_hack/ros2_ws_backup/build/contamination_demo/install.log --single-version-externally-managed install_data
